  2d_graphics.cpp
D:\ProgrammingProjects\C++Projects\Hackathon\Hackathon\inc\2d_graphics.cpp(133,29): warning C4244: '=': conversion from 'UINT32' to 'float', possible loss of data
D:\ProgrammingProjects\C++Projects\Hackathon\Hackathon\inc\2d_graphics.cpp(134,30): warning C4244: '=': conversion from 'UINT32' to 'float', possible loss of data
D:\ProgrammingProjects\C++Projects\Hackathon\Hackathon\inc\2d_graphics.cpp(151,37): warning C4244: '=': conversion from 'UINT' to 'float', possible loss of data
D:\ProgrammingProjects\C++Projects\Hackathon\Hackathon\inc\2d_graphics.cpp(152,38): warning C4244: '=': conversion from 'UINT' to 'float', possible loss of data
D:\ProgrammingProjects\C++Projects\Hackathon\Hackathon\inc\2d_graphics.cpp(166,62): warning C4244: '=': conversion from 'float' to 'UINT', possible loss of data
D:\ProgrammingProjects\C++Projects\Hackathon\Hackathon\inc\2d_graphics.cpp(167,63): warning C4244: '=': conversion from 'float' to 'UINT', possible loss of data
D:\ProgrammingProjects\C++Projects\Hackathon\Hackathon\inc\2d_graphics.cpp(170,37): warning C4244: '=': conversion from 'UINT' to 'float', possible loss of data
D:\ProgrammingProjects\C++Projects\Hackathon\Hackathon\inc\2d_graphics.cpp(171,38): warning C4244: '=': conversion from 'UINT' to 'float', possible loss of data
D:\ProgrammingProjects\C++Projects\Hackathon\Hackathon\inc\2d_graphics.cpp(197,45): warning C4244: 'argument': conversion from 'const UINT' to 'FLOAT', possible loss of data
D:\ProgrammingProjects\C++Projects\Hackathon\Hackathon\inc\2d_graphics.cpp(197,27): warning C4244: 'argument': conversion from 'const UINT' to 'FLOAT', possible loss of data
D:\ProgrammingProjects\C++Projects\Hackathon\Hackathon\inc\2d_graphics.cpp(211,14): warning C4244: 'initializing': conversion from 'UINT' to 'float', possible loss of data
D:\ProgrammingProjects\C++Projects\Hackathon\Hackathon\inc\2d_graphics.cpp(226,66): warning C4244: 'argument': conversion from 'UINT' to 'FLOAT', possible loss of data
D:\ProgrammingProjects\C++Projects\Hackathon\Hackathon\inc\2d_graphics.cpp(245,14): warning C4244: 'initializing': conversion from 'UINT' to 'float', possible loss of data
D:\ProgrammingProjects\C++Projects\Hackathon\Hackathon\inc\2d_graphics.cpp(246,14): warning C4244: 'initializing': conversion from 'UINT' to 'float', possible loss of data
D:\ProgrammingProjects\C++Projects\Hackathon\Hackathon\inc\2d_graphics.cpp(339,20): warning C4018: '<': signed/unsigned mismatch
D:\ProgrammingProjects\C++Projects\Hackathon\Hackathon\inc\2d_graphics.cpp(351,20): warning C4018: '<': signed/unsigned mismatch
  main.cpp
  Generating code
  7 of 48 functions (14.6%) were compiled, the rest were copied from previous compilation.
    5 functions were new in current compilation
    0 functions had inline decision re-evaluated but remain unchanged
  Finished generating code
  Hackathon.vcxproj -> D:\ProgrammingProjects\C++Projects\Hackathon\Release\Hackathon.exe
