  main.cpp
D:\ProgrammingProjects\C++Projects\Hackathon\Hackathon\inc\input.h(43,26): warning C4244: '=': conversion from 'LONG' to 'short', possible loss of data
D:\ProgrammingProjects\C++Projects\Hackathon\Hackathon\inc\input.h(44,26): warning C4244: '=': conversion from 'LONG' to 'short', possible loss of data
D:\ProgrammingProjects\C++Projects\Hackathon\Hackathon\menu.h(4,32): warning C4305: 'initializing': truncation from 'double' to 'float'
D:\ProgrammingProjects\C++Projects\Hackathon\Hackathon\menu.h(19,27): warning C4244: 'argument': conversion from 'int' to 'float', possible loss of data
D:\ProgrammingProjects\C++Projects\Hackathon\Hackathon\menu.h(19,24): warning C4244: 'argument': conversion from 'int' to 'float', possible loss of data
D:\ProgrammingProjects\C++Projects\Hackathon\Hackathon\menu.h(19,20): warning C4244: 'argument': conversion from 'int' to 'float', possible loss of data
D:\ProgrammingProjects\C++Projects\Hackathon\Hackathon\menu.h(19,16): warning C4244: 'argument': conversion from 'int' to 'float', possible loss of data
D:\ProgrammingProjects\C++Projects\Hackathon\Hackathon\menu.h(25,41): warning C4244: 'argument': conversion from 'int' to 'float', possible loss of data
D:\ProgrammingProjects\C++Projects\Hackathon\Hackathon\menu.h(25,35): warning C4244: 'argument': conversion from 'int' to 'float', possible loss of data
D:\ProgrammingProjects\C++Projects\Hackathon\Hackathon\menu.h(25,27): warning C4244: 'argument': conversion from 'int' to 'float', possible loss of data
D:\ProgrammingProjects\C++Projects\Hackathon\Hackathon\menu.h(25,21): warning C4244: 'argument': conversion from 'int' to 'float', possible loss of data
D:\ProgrammingProjects\C++Projects\Hackathon\Hackathon\menu.h(27,41): warning C4244: 'argument': conversion from 'int' to 'float', possible loss of data
D:\ProgrammingProjects\C++Projects\Hackathon\Hackathon\menu.h(27,35): warning C4244: 'argument': conversion from 'int' to 'float', possible loss of data
D:\ProgrammingProjects\C++Projects\Hackathon\Hackathon\menu.h(27,27): warning C4244: 'argument': conversion from 'int' to 'float', possible loss of data
D:\ProgrammingProjects\C++Projects\Hackathon\Hackathon\menu.h(27,21): warning C4244: 'argument': conversion from 'int' to 'float', possible loss of data
D:\ProgrammingProjects\C++Projects\Hackathon\Hackathon\menu.h(28,134): warning C4244: 'argument': conversion from 'int' to 'float', possible loss of data
D:\ProgrammingProjects\C++Projects\Hackathon\Hackathon\menu.h(28,128): warning C4244: 'argument': conversion from 'int' to 'float', possible loss of data
D:\ProgrammingProjects\C++Projects\Hackathon\Hackathon\menu.h(28,113): warning C4244: 'argument': conversion from 'int' to 'float', possible loss of data
D:\ProgrammingProjects\C++Projects\Hackathon\Hackathon\menu.h(28,81): warning C4244: 'argument': conversion from 'int' to 'float', possible loss of data
D:\ProgrammingProjects\C++Projects\Hackathon\Hackathon\main.cpp(40,76): warning C4244: '=': conversion from 'float' to 'int', possible loss of data
D:\ProgrammingProjects\C++Projects\Hackathon\Hackathon\main.cpp(56,66): warning C4244: 'argument': conversion from 'UINT' to 'float', possible loss of data
D:\ProgrammingProjects\C++Projects\Hackathon\Hackathon\main.cpp(56,39): warning C4244: 'argument': conversion from 'UINT' to 'float', possible loss of data
D:\ProgrammingProjects\C++Projects\Hackathon\Hackathon\main.cpp(67,79): warning C4244: 'argument': conversion from 'int' to 'float', possible loss of data
  Generating code
  2 of 183 functions ( 1.1%) were compiled, the rest were copied from previous compilation.
    0 functions were new in current compilation
    1 functions had inline decision re-evaluated but remain unchanged
  Finished generating code
  Hackathon.vcxproj -> D:\ProgrammingProjects\C++Projects\Hackathon\Release\Hackathon.exe
